<?xml version="1.0" encoding="UTF-8"?>
<!-- Generated by org.testng.reporters.JUnitXMLReporter -->
<testsuite hostname="DESKTOP-B7R9GQG" ignored="0" name="Test" tests="4" failures="0" timestamp="15 Apr 2021 15:12:27 GMT" time="0.035" errors="0">
  <testcase name="BrowserAUtomation" time="0.007" classname="qaclickacademy.SeleniumTest"/>
  <testcase name="elementsUi" time="0.0" classname="qaclickacademy.SeleniumTest"/>
  <testcase name="deleteTwitter" time="0.0" classname="qaclickacademy.RESTAPITest"/>
  <testcase name="postJira" time="0.0" classname="qaclickacademy.RESTAPITest"/>
</testsuite> <!-- Test -->
