<?xml version="1.0" encoding="UTF-8"?>
<testng-results skipped="0" failed="0" ignored="0" total="4" passed="4">
  <reporter-output>
  </reporter-output>
  <suite name="Suite" duration-ms="35" started-at="2021-04-15T15:12:27Z" finished-at="2021-04-15T15:12:27Z">
    <groups>
    </groups>
    <test name="Test" duration-ms="35" started-at="2021-04-15T15:12:27Z" finished-at="2021-04-15T15:12:27Z">
      <class name="qaclickacademy.RESTAPITest">
        <test-method status="PASS" signature="deleteTwitter()[pri:0, instance:qaclickacademy.RESTAPITest@13fee20c]" name="deleteTwitter" duration-ms="0" started-at="2021-04-15T20:42:27Z" finished-at="2021-04-15T20:42:27Z">
          <reporter-output>
          </reporter-output>
        </test-method> <!-- deleteTwitter -->
        <test-method status="PASS" signature="postJira()[pri:0, instance:qaclickacademy.RESTAPITest@13fee20c]" name="postJira" duration-ms="0" started-at="2021-04-15T20:42:27Z" finished-at="2021-04-15T20:42:27Z">
          <reporter-output>
          </reporter-output>
        </test-method> <!-- postJira -->
      </class> <!-- qaclickacademy.RESTAPITest -->
      <class name="qaclickacademy.SeleniumTest">
        <test-method status="PASS" signature="BrowserAUtomation()[pri:0, instance:qaclickacademy.SeleniumTest@5f2050f6]" name="BrowserAUtomation" duration-ms="7" started-at="2021-04-15T20:42:27Z" finished-at="2021-04-15T20:42:27Z">
          <reporter-output>
          </reporter-output>
        </test-method> <!-- BrowserAUtomation -->
        <test-method status="PASS" signature="elementsUi()[pri:0, instance:qaclickacademy.SeleniumTest@5f2050f6]" name="elementsUi" duration-ms="0" started-at="2021-04-15T20:42:27Z" finished-at="2021-04-15T20:42:27Z">
          <reporter-output>
          </reporter-output>
        </test-method> <!-- elementsUi -->
      </class> <!-- qaclickacademy.SeleniumTest -->
    </test> <!-- Test -->
  </suite> <!-- Suite -->
</testng-results>
